<?xml version="1.0" encoding="UTF-8"?>
<!-- Generated by org.testng.reporters.JUnitReportReporter -->
<testsuite hostname="DESKTOP-O1MNL82" failures="0" tests="1" name="Academy.HomePage" time="26.428" errors="0" timestamp="2021-11-24T19:31:24 IST" skipped="0">
  <testcase classname="Academy.HomePage" name="basePageValidation" time="26.428"/>
  <system-out/>
</testsuite> <!-- Academy.HomePage -->
