<?xml version="1.0" encoding="UTF-8"?>
<!-- Generated by org.testng.reporters.JUnitReportReporter -->
<testsuite hostname="DESKTOP-O1MNL82" failures="0" tests="1" name="Academy.NavigationbarValidation" time="12.213" errors="0" timestamp="2021-11-28T21:09:03 IST" skipped="0">
  <testcase classname="Academy.NavigationbarValidation" name="navigationbarValidation" time="12.213"/>
  <system-out/>
</testsuite> <!-- Academy.NavigationbarValidation -->
